<?xml version="1.0" encoding="UTF-8"?>
<testsuite xmlns:xsi="http://www.w3.org/2001/XMLSchema-instance" xsi:schemaLocation="https://maven.apache.org/surefire/maven-surefire-plugin/xsd/surefire-test-report.xsd" name="Steps.RunnerTest" time="116.827" tests="33" errors="2" skipped="15" failures="0">
  <properties>
[...]
</properties>
  <testcase name="Given i am on the home page" classname="Scenario: As a user i want to reset my password" time="0.002"/>
  <testcase name="And i see a logo banner" classname="Scenario: As a user i want to reset my password" time="0"/>
  <testcase name="When i click on sign in" classname="Scenario: As a user i want to reset my password" time="0"/>
  <testcase name="And i click forgot password link" classname="Scenario: As a user i want to reset my password" time="0"/>
  <testcase name="And i enter email in the email field" classname="Scenario: As a user i want to reset my password" time="0"/>
  <testcase name="And i click retrieve password button" classname="Scenario: As a user i want to reset my password" time="0"/>
  <testcase name="Scenario: As a user i want to reset my password" classname="Scenario: As a user i want to reset my password" time="0"/>
  <testcase name="Given i am on the home page" classname="| Maxtest964@gmail.com |  | Password is required. |" time="0"/>
  <testcase name="And i see a logo banner" classname="| Maxtest964@gmail.com |  | Password is required. |" time="0"/>
  <testcase name="When i click on sign in" classname="| Maxtest964@gmail.com |  | Password is required. |" time="0"/>
  <testcase name="And i type user email &quot;Maxtest964@gmail.com&quot; details" classname="| Maxtest964@gmail.com |  | Password is required. |" time="0">
    <skipped/>
  </testcase>
  <testcase name="And i type user password &quot;&quot; details" classname="| Maxtest964@gmail.com |  | Password is required. |" time="0">
    <skipped/>
  </testcase>
  <testcase name="And i click on login button" classname="| Maxtest964@gmail.com |  | Password is required. |" time="0">
    <skipped/>
  </testcase>
  <testcase name="Then i see an error &quot;Password is required.&quot; message details" classname="| Maxtest964@gmail.com |  | Password is required. |" time="0">
    <skipped/>
  </testcase>
  <testcase name="| Maxtest964@gmail.com |  | Password is required. |" classname="| Maxtest964@gmail.com |  | Password is required. |" time="0">
    <skipped/>
  </testcase>
  <testcase name="| Maxtest964@gmail.com |  | Password is required. |" classname="| Maxtest964@gmail.com |  | Password is required. |" time="0.031"/>
  <testcase name="Given i am on the home page" classname="|  | Monday2 | An email address required. |" time="0"/>
  <testcase name="And i see a logo banner" classname="|  | Monday2 | An email address required. |" time="0"/>
  <testcase name="When i click on sign in" classname="|  | Monday2 | An email address required. |" time="0"/>
  <testcase name="And i type user email &quot;&quot; details" classname="|  | Monday2 | An email address required. |" time="0">
    <skipped/>
  </testcase>
  <testcase name="And i type user password &quot;Monday2&quot; details" classname="|  | Monday2 | An email address required. |" time="0">
    <skipped/>
  </testcase>
  <testcase name="And i click on login button" classname="|  | Monday2 | An email address required. |" time="0">
    <skipped/>
  </testcase>
  <testcase name="Then i see an error &quot;An email address required.&quot; message details" classname="|  | Monday2 | An email address required. |" time="0">
    <skipped/>
  </testcase>
  <testcase name="|  | Monday2 | An email address required. |" classname="|  | Monday2 | An email address required. |" time="0">
    <skipped/>
  </testcase>
  <testcase name="|  | Monday2 | An email address required. |" classname="|  | Monday2 | An email address required. |" time="0"/>
  <testcase name="Given i am on the home page" classname="Scenario: as a user i want to login successfully" time="0"/>
  <testcase name="And i see a logo banner" classname="Scenario: as a user i want to login successfully" time="0.038">
    <error message="no such element: Unable to locate element: {&quot;method&quot;:&quot;id&quot;,&quot;selector&quot;:&quot;header_logo&quot;}&#10;  (Session info: chrome=69.0.3497.100)&#10;  (Driver info: chromedriver=2.36.540470 (e522d04694c7ebea4ba8821272dbef4f9b818c91),platform=Windows NT 10.0.17134 x86_64) (WARNING: The server did not provide any stacktrace information)&#10;Command duration or timeout: 31.75 seconds&#10;For documentation on this error, please visit: http://seleniumhq.org/exceptions/no_such_element.html&#10;Build info: version: &apos;3.0.1&apos;, revision: &apos;1969d75&apos;, time: &apos;2016-10-18 09:49:13 -0700&apos;&#10;System info: host: &apos;LAPTOP-E0QTK1KN&apos;, ip: &apos;192.168.208.1&apos;, os.name: &apos;Windows 10&apos;, os.arch: &apos;amd64&apos;, os.version: &apos;10.0&apos;, java.version: &apos;1.8.0_172&apos;&#10;Driver info: org.openqa.selenium.chrome.ChromeDriver&#10;Capabilities [{applicationCacheEnabled=false, rotatable=false, mobileEmulationEnabled=false, networkConnectionEnabled=false, chrome={chromedriverVersion=2.36.540470 (e522d04694c7ebea4ba8821272dbef4f9b818c91), userDataDir=C:\Users\abeln\AppData\Local\Temp\scoped_dir23296_9333}, takesHeapSnapshot=true, pageLoadStrategy=normal, databaseEnabled=false, handlesAlerts=true, hasTouchScreen=false, version=69.0.3497.100, platform=XP, browserConnectionEnabled=false, nativeEvents=true, acceptSslCerts=false, acceptInsecureCerts=false, locationContextEnabled=true, webStorageEnabled=true, browserName=chrome, takesScreenshot=true, javascriptEnabled=true, cssSelectorsEnabled=true, setWindowRect=true, unexpectedAlertBehaviour=}]&#10;Session ID: d5972102f421a370f17f62562dd3b3fc&#10;*** Element info: {Using=id, value=header_logo}" type="org.openqa.selenium.NoSuchElementException">org.openqa.selenium.NoSuchElementException: 
no such element: Unable to locate element: {"method":"id","selector":"header_logo"}
  (Session info: chrome=69.0.3497.100)
  (Driver info: chromedriver=2.36.540470 (e522d04694c7ebea4ba8821272dbef4f9b818c91),platform=Windows NT 10.0.17134 x86_64) (WARNING: The server did not provide any stacktrace information)
Command duration or timeout: 31.75 seconds
For documentation on this error, please visit: http://seleniumhq.org/exceptions/no_such_element.html
Build info: version: '3.0.1', revision: '1969d75', time: '2016-10-18 09:49:13 -0700'
System info: host: 'LAPTOP-E0QTK1KN', ip: '192.168.208.1', os.name: 'Windows 10', os.arch: 'amd64', os.version: '10.0', java.version: '1.8.0_172'
Driver info: org.openqa.selenium.chrome.ChromeDriver
Capabilities [{applicationCacheEnabled=false, rotatable=false, mobileEmulationEnabled=false, networkConnectionEnabled=false, chrome={chromedriverVersion=2.36.540470 (e522d04694c7ebea4ba8821272dbef4f9b818c91), userDataDir=C:\Users\abeln\AppData\Local\Temp\scoped_dir23296_9333}, takesHeapSnapshot=true, pageLoadStrategy=normal, databaseEnabled=false, handlesAlerts=true, hasTouchScreen=false, version=69.0.3497.100, platform=XP, browserConnectionEnabled=false, nativeEvents=true, acceptSslCerts=false, acceptInsecureCerts=false, locationContextEnabled=true, webStorageEnabled=true, browserName=chrome, takesScreenshot=true, javascriptEnabled=true, cssSelectorsEnabled=true, setWindowRect=true, unexpectedAlertBehaviour=}]
Session ID: d5972102f421a370f17f62562dd3b3fc
*** Element info: {Using=id, value=header_logo}
</error>
  </testcase>
  <testcase name="Scenario: as a user i want to login successfully" classname="Scenario: as a user i want to login successfully" time="0.038">
    <error message="no such element: Unable to locate element: {&quot;method&quot;:&quot;id&quot;,&quot;selector&quot;:&quot;header_logo&quot;}&#10;  (Session info: chrome=69.0.3497.100)&#10;  (Driver info: chromedriver=2.36.540470 (e522d04694c7ebea4ba8821272dbef4f9b818c91),platform=Windows NT 10.0.17134 x86_64) (WARNING: The server did not provide any stacktrace information)&#10;Command duration or timeout: 31.75 seconds&#10;For documentation on this error, please visit: http://seleniumhq.org/exceptions/no_such_element.html&#10;Build info: version: &apos;3.0.1&apos;, revision: &apos;1969d75&apos;, time: &apos;2016-10-18 09:49:13 -0700&apos;&#10;System info: host: &apos;LAPTOP-E0QTK1KN&apos;, ip: &apos;192.168.208.1&apos;, os.name: &apos;Windows 10&apos;, os.arch: &apos;amd64&apos;, os.version: &apos;10.0&apos;, java.version: &apos;1.8.0_172&apos;&#10;Driver info: org.openqa.selenium.chrome.ChromeDriver&#10;Capabilities [{applicationCacheEnabled=false, rotatable=false, mobileEmulationEnabled=false, networkConnectionEnabled=false, chrome={chromedriverVersion=2.36.540470 (e522d04694c7ebea4ba8821272dbef4f9b818c91), userDataDir=C:\Users\abeln\AppData\Local\Temp\scoped_dir23296_9333}, takesHeapSnapshot=true, pageLoadStrategy=normal, databaseEnabled=false, handlesAlerts=true, hasTouchScreen=false, version=69.0.3497.100, platform=XP, browserConnectionEnabled=false, nativeEvents=true, acceptSslCerts=false, acceptInsecureCerts=false, locationContextEnabled=true, webStorageEnabled=true, browserName=chrome, takesScreenshot=true, javascriptEnabled=true, cssSelectorsEnabled=true, setWindowRect=true, unexpectedAlertBehaviour=}]&#10;Session ID: d5972102f421a370f17f62562dd3b3fc&#10;*** Element info: {Using=id, value=header_logo}" type="org.openqa.selenium.NoSuchElementException">org.openqa.selenium.NoSuchElementException: 
no such element: Unable to locate element: {"method":"id","selector":"header_logo"}
  (Session info: chrome=69.0.3497.100)
  (Driver info: chromedriver=2.36.540470 (e522d04694c7ebea4ba8821272dbef4f9b818c91),platform=Windows NT 10.0.17134 x86_64) (WARNING: The server did not provide any stacktrace information)
Command duration or timeout: 31.75 seconds
For documentation on this error, please visit: http://seleniumhq.org/exceptions/no_such_element.html
Build info: version: '3.0.1', revision: '1969d75', time: '2016-10-18 09:49:13 -0700'
System info: host: 'LAPTOP-E0QTK1KN', ip: '192.168.208.1', os.name: 'Windows 10', os.arch: 'amd64', os.version: '10.0', java.version: '1.8.0_172'
Driver info: org.openqa.selenium.chrome.ChromeDriver
Capabilities [{applicationCacheEnabled=false, rotatable=false, mobileEmulationEnabled=false, networkConnectionEnabled=false, chrome={chromedriverVersion=2.36.540470 (e522d04694c7ebea4ba8821272dbef4f9b818c91), userDataDir=C:\Users\abeln\AppData\Local\Temp\scoped_dir23296_9333}, takesHeapSnapshot=true, pageLoadStrategy=normal, databaseEnabled=false, handlesAlerts=true, hasTouchScreen=false, version=69.0.3497.100, platform=XP, browserConnectionEnabled=false, nativeEvents=true, acceptSslCerts=false, acceptInsecureCerts=false, locationContextEnabled=true, webStorageEnabled=true, browserName=chrome, takesScreenshot=true, javascriptEnabled=true, cssSelectorsEnabled=true, setWindowRect=true, unexpectedAlertBehaviour=}]
Session ID: d5972102f421a370f17f62562dd3b3fc
*** Element info: {Using=id, value=header_logo}
</error>
  </testcase>
  <testcase name="When i click on sign in" classname="Scenario: as a user i want to login successfully" time="0">
    <skipped/>
  </testcase>
  <testcase name="And i enter email in the email field" classname="Scenario: as a user i want to login successfully" time="0">
    <skipped/>
  </testcase>
  <testcase name="And i enter password in the password field" classname="Scenario: as a user i want to login successfully" time="0">
    <skipped/>
  </testcase>
  <testcase name="And i click on login button" classname="Scenario: as a user i want to login successfully" time="0">
    <skipped/>
  </testcase>
  <testcase name="Then i should be successfully logged in" classname="Scenario: as a user i want to login successfully" time="0">
    <skipped/>
  </testcase>
</testsuite>